<?xml version="1.0" encoding="UTF-8"?>
<!-- Generated by org.testng.reporters.JUnitReportReporter -->
<testsuite hostname="preeti-laptop" failures="0" tests="1" name="facebook.pages.test.SignupTest" time="3.293" errors="0" timestamp="2020-07-21T15:48:05 EDT" skipped="0">
  <testcase classname="facebook.pages.test.SignupTest" name="signupdata1" time="3.293"/>
  <system-out/>
</testsuite> <!-- facebook.pages.test.SignupTest -->
