<?xml version="1.0" encoding="UTF-8"?>
<!-- Generated by org.testng.reporters.JUnitReportReporter -->
<testsuite hostname="preeti-laptop" failures="0" tests="1" name="facebook.pages.test.SignInTest" time="4.128" errors="0" timestamp="2020-07-21T15:47:32 EDT" skipped="0">
  <testcase classname="facebook.pages.test.SignInTest" name="signindata1" time="4.128"/>
  <system-out/>
</testsuite> <!-- facebook.pages.test.SignInTest -->
